<?xml version="1.0" encoding="UTF-8"?>
<!-- Generated by org.testng.reporters.JUnitXMLReporter -->
<testsuite hostname="DCW00212772W10" name="Default test" tests="1" failures="1" timestamp="5 Aug 2019 16:13:18 GMT" time="72.12" errors="0">
  <testcase name="feature" time="71.4" classname="DSTPSAutomation.HybridDesktopGUI.PharmacyNetwork.runners.PharmacyNetworkFeature_TestRunner">
    <failure type="cucumber.runtime.CucumberException" message="java.lang.NullPointerException">
      <![CDATA[cucumber.runtime.CucumberException: java.lang.NullPointerException
	at cucumber.api.testng.TestNGCucumberRunner.runCucumber(TestNGCucumberRunner.java:69)
	at cucumber.api.testng.AbstractTestNGCucumberTests.feature(AbstractTestNGCucumberTests.java:21)
	at sun.reflect.NativeMethodAccessorImpl.invoke0(Native Method)
	at sun.reflect.NativeMethodAccessorImpl.invoke(NativeMethodAccessorImpl.java:62)
	at sun.reflect.DelegatingMethodAccessorImpl.invoke(DelegatingMethodAccessorImpl.java:43)
	at java.lang.reflect.Method.invoke(Method.java:498)
	at org.testng.internal.MethodInvocationHelper.invokeMethod(MethodInvocationHelper.java:86)
	at org.testng.internal.Invoker.invokeMethod(Invoker.java:643)
	at org.testng.internal.Invoker.invokeTestMethod(Invoker.java:820)
	at org.testng.internal.Invoker.invokeTestMethods(Invoker.java:1128)
	at org.testng.internal.TestMethodWorker.invokeTestMethods(TestMethodWorker.java:129)
	at org.testng.internal.TestMethodWorker.run(TestMethodWorker.java:112)
	at org.testng.TestRunner.privateRun(TestRunner.java:782)
	at org.testng.TestRunner.run(TestRunner.java:632)
	at org.testng.SuiteRunner.runTest(SuiteRunner.java:366)
	at org.testng.SuiteRunner.runSequentially(SuiteRunner.java:361)
	at org.testng.SuiteRunner.privateRun(SuiteRunner.java:319)
	at org.testng.SuiteRunner.run(SuiteRunner.java:268)
	at org.testng.SuiteRunnerWorker.runSuite(SuiteRunnerWorker.java:52)
	at org.testng.SuiteRunnerWorker.run(SuiteRunnerWorker.java:86)
	at org.testng.TestNG.runSuitesSequentially(TestNG.java:1244)
	at org.testng.TestNG.runSuitesLocally(TestNG.java:1169)
	at org.testng.TestNG.run(TestNG.java:1064)
	at org.testng.remote.AbstractRemoteTestNG.run(AbstractRemoteTestNG.java:114)
	at org.testng.remote.RemoteTestNG.initAndRun(RemoteTestNG.java:251)
	at org.testng.remote.RemoteTestNG.main(RemoteTestNG.java:77)
Caused by: java.lang.NullPointerException
	at DSTPSAutomation.HybridDesktopGUI.Apps.common.HybridDesktop_GUI_Utility.SelectItemFromListBox(HybridDesktop_GUI_Utility.java:264)
	at DSTPSAutomation.HybridDesktopGUI.PharmacyNetwork.pages.GUI_PharmacyNetwork_LandingPageSelector.select_network_id(GUI_PharmacyNetwork_LandingPageSelector.java:67)
	at DSTPSAutomation.HybridDesktopGUI.PharmacyNetwork.steps.GUI_PharmacyNetwork_LandingPage_Steps.search_the_NetworkIDfromtheList(GUI_PharmacyNetwork_LandingPage_Steps.java:46)
	at DSTPSAutomation.HybridDesktopGUI.PharmacyNetwork.stepDefinitions.StepDefinitionPharmacyNetwork_GUI.select_the_Network_from_the_search_result_list(StepDefinitionPharmacyNetwork_GUI.java:68)
	at ✽.And Select the Network from the search result list(features/PharmacyNetwork/PharmacyNetwork_GUI.feature:18)
]]>
    </failure>
  </testcase> <!-- feature -->
</testsuite> <!-- Default test -->
