<?xml version="1.0" encoding="UTF-8"?>
<testng-results skipped="0" failed="1" total="1" passed="0">
  <reporter-output>
  </reporter-output>
  <suite name="Default suite" duration-ms="72120" started-at="2019-08-05T16:12:06Z" finished-at="2019-08-05T16:13:18Z">
    <groups>
      <group name="cucumber">
        <method signature="AbstractTestNGCucumberTests.feature(cucumber.api.testng.CucumberFeatureWrapper)[pri:0, instance:DSTPSAutomation.HybridDesktopGUI.PharmacyNetwork.runners.PharmacyNetworkFeature_TestRunner@3701eaf6]" name="feature" class="cucumber.api.testng.AbstractTestNGCucumberTests"/>
      </group> <!-- cucumber -->
    </groups>
    <test name="Default test" duration-ms="72120" started-at="2019-08-05T16:12:06Z" finished-at="2019-08-05T16:13:18Z">
      <class name="DSTPSAutomation.HybridDesktopGUI.PharmacyNetwork.runners.PharmacyNetworkFeature_TestRunner">
        <test-method status="PASS" signature="setUpClass()[pri:0, instance:DSTPSAutomation.HybridDesktopGUI.PharmacyNetwork.runners.PharmacyNetworkFeature_TestRunner@3701eaf6]" name="setUpClass" is-config="true" duration-ms="445" started-at="2019-08-05T11:12:06Z" finished-at="2019-08-05T11:12:07Z">
          <reporter-output>
          </reporter-output>
        </test-method> <!-- setUpClass -->
        <test-method status="FAIL" signature="feature(cucumber.api.testng.CucumberFeatureWrapper)[pri:0, instance:DSTPSAutomation.HybridDesktopGUI.PharmacyNetwork.runners.PharmacyNetworkFeature_TestRunner@3701eaf6]" name="feature" duration-ms="71400" started-at="2019-08-05T11:12:07Z" description="Runs Cucumber Feature" data-provider="features" finished-at="2019-08-05T11:13:18Z">
          <params>
            <param index="0">
              <value>
                <![CDATA[Pharmacy Network functionality]]>
              </value>
            </param>
          </params>
          <exception class="cucumber.runtime.CucumberException">
            <message>
              <![CDATA[java.lang.NullPointerException]]>
            </message>
            <full-stacktrace>
              <![CDATA[cucumber.runtime.CucumberException: java.lang.NullPointerException
	at cucumber.api.testng.TestNGCucumberRunner.runCucumber(TestNGCucumberRunner.java:69)
	at cucumber.api.testng.AbstractTestNGCucumberTests.feature(AbstractTestNGCucumberTests.java:21)
	at sun.reflect.NativeMethodAccessorImpl.invoke0(Native Method)
	at sun.reflect.NativeMethodAccessorImpl.invoke(NativeMethodAccessorImpl.java:62)
	at sun.reflect.DelegatingMethodAccessorImpl.invoke(DelegatingMethodAccessorImpl.java:43)
	at java.lang.reflect.Method.invoke(Method.java:498)
	at org.testng.internal.MethodInvocationHelper.invokeMethod(MethodInvocationHelper.java:86)
	at org.testng.internal.Invoker.invokeMethod(Invoker.java:643)
	at org.testng.internal.Invoker.invokeTestMethod(Invoker.java:820)
	at org.testng.internal.Invoker.invokeTestMethods(Invoker.java:1128)
	at org.testng.internal.TestMethodWorker.invokeTestMethods(TestMethodWorker.java:129)
	at org.testng.internal.TestMethodWorker.run(TestMethodWorker.java:112)
	at org.testng.TestRunner.privateRun(TestRunner.java:782)
	at org.testng.TestRunner.run(TestRunner.java:632)
	at org.testng.SuiteRunner.runTest(SuiteRunner.java:366)
	at org.testng.SuiteRunner.runSequentially(SuiteRunner.java:361)
	at org.testng.SuiteRunner.privateRun(SuiteRunner.java:319)
	at org.testng.SuiteRunner.run(SuiteRunner.java:268)
	at org.testng.SuiteRunnerWorker.runSuite(SuiteRunnerWorker.java:52)
	at org.testng.SuiteRunnerWorker.run(SuiteRunnerWorker.java:86)
	at org.testng.TestNG.runSuitesSequentially(TestNG.java:1244)
	at org.testng.TestNG.runSuitesLocally(TestNG.java:1169)
	at org.testng.TestNG.run(TestNG.java:1064)
	at org.testng.remote.AbstractRemoteTestNG.run(AbstractRemoteTestNG.java:114)
	at org.testng.remote.RemoteTestNG.initAndRun(RemoteTestNG.java:251)
	at org.testng.remote.RemoteTestNG.main(RemoteTestNG.java:77)
Caused by: java.lang.NullPointerException
	at DSTPSAutomation.HybridDesktopGUI.Apps.common.HybridDesktop_GUI_Utility.SelectItemFromListBox(HybridDesktop_GUI_Utility.java:264)
	at DSTPSAutomation.HybridDesktopGUI.PharmacyNetwork.pages.GUI_PharmacyNetwork_LandingPageSelector.select_network_id(GUI_PharmacyNetwork_LandingPageSelector.java:67)
	at DSTPSAutomation.HybridDesktopGUI.PharmacyNetwork.steps.GUI_PharmacyNetwork_LandingPage_Steps.search_the_NetworkIDfromtheList(GUI_PharmacyNetwork_LandingPage_Steps.java:46)
	at DSTPSAutomation.HybridDesktopGUI.PharmacyNetwork.stepDefinitions.StepDefinitionPharmacyNetwork_GUI.select_the_Network_from_the_search_result_list(StepDefinitionPharmacyNetwork_GUI.java:68)
	at ✽.And Select the Network from the search result list(features/PharmacyNetwork/PharmacyNetwork_GUI.feature:18)
]]>
            </full-stacktrace>
          </exception> <!-- cucumber.runtime.CucumberException -->
          <reporter-output>
          </reporter-output>
        </test-method> <!-- feature -->
        <test-method status="PASS" signature="tearDownClass()[pri:0, instance:DSTPSAutomation.HybridDesktopGUI.PharmacyNetwork.runners.PharmacyNetworkFeature_TestRunner@3701eaf6]" name="tearDownClass" is-config="true" duration-ms="175" started-at="2019-08-05T11:13:18Z" finished-at="2019-08-05T11:13:18Z">
          <reporter-output>
          </reporter-output>
        </test-method> <!-- tearDownClass -->
      </class> <!-- DSTPSAutomation.HybridDesktopGUI.PharmacyNetwork.runners.PharmacyNetworkFeature_TestRunner -->
    </test> <!-- Default test -->
  </suite> <!-- Default suite -->
</testng-results>
